<?xml version="1.0" encoding="UTF-8"?>
<testng-results skipped="0" failed="0" total="1" passed="1">
  <reporter-output>
  </reporter-output>
  <suite name="Default suite" duration-ms="102" started-at="2020-03-21T17:13:11Z" finished-at="2020-03-21T17:13:11Z">
    <groups>
    </groups>
    <test name="Default test" duration-ms="102" started-at="2020-03-21T17:13:11Z" finished-at="2020-03-21T17:13:11Z">
      <class name="milkway.tzz.Log4jTest">
        <test-method status="PASS" signature="beforeMethod()[pri:0, instance:milkway.tzz.Log4jTest@66d2e7d9]" name="beforeMethod" is-config="true" duration-ms="79" started-at="2020-03-22T01:13:11Z" finished-at="2020-03-22T01:13:11Z">
          <reporter-output>
          </reporter-output>
        </test-method> <!-- beforeMethod -->
        <test-method status="PASS" signature="f()[pri:0, instance:milkway.tzz.Log4jTest@66d2e7d9]" name="f" duration-ms="7" started-at="2020-03-22T01:13:11Z" finished-at="2020-03-22T01:13:11Z">
          <reporter-output>
          </reporter-output>
        </test-method> <!-- f -->
        <test-method status="PASS" signature="afterMethod()[pri:0, instance:milkway.tzz.Log4jTest@66d2e7d9]" name="afterMethod" is-config="true" duration-ms="1" started-at="2020-03-22T01:13:11Z" finished-at="2020-03-22T01:13:11Z">
          <reporter-output>
          </reporter-output>
        </test-method> <!-- afterMethod -->
      </class> <!-- milkway.tzz.Log4jTest -->
    </test> <!-- Default test -->
  </suite> <!-- Default suite -->
</testng-results>
